<?xml version="1.0" encoding="UTF-8"?>
<testsuite name="SILab2Test" tests="4" skipped="0" failures="0" errors="0" timestamp="2020-05-31T21:45:53" hostname="DESKTOP-5SEUJBJ" time="0.041">
  <properties/>
  <testcase name="everyPathTest()" classname="SILab2Test" time="0.033"/>
  <testcase name="everyStatementTest()" classname="SILab2Test" time="0.001"/>
  <testcase name="multipleConditionsTest()" classname="SILab2Test" time="0.001"/>
  <testcase name="everyBranchTest()" classname="SILab2Test" time="0.002"/>
  <system-out><![CDATA[]]></system-out>
  <system-err><![CDATA[]]></system-err>
</testsuite>
